  17_flippybird.c
C:\Users\BARAN\source\repos\C\17_flippybird\17_flippybird.c(275,90): warning C4305: 'başlatılıyor': 'double' iken 'float' olarak kesildi
C:\Users\BARAN\source\repos\C\17_flippybird\17_flippybird.c(277,112): warning C4305: 'başlatılıyor': 'double' iken 'float' olarak kesildi
C:\Users\BARAN\source\repos\C\17_flippybird\17_flippybird.c(284,116): warning C4305: 'başlatılıyor': 'double' iken 'float' olarak kesildi
C:\Users\BARAN\source\repos\C\17_flippybird\17_flippybird.c(291,110): warning C4305: 'başlatılıyor': 'double' iken 'float' olarak kesildi
C:\Users\BARAN\source\repos\C\17_flippybird\17_flippybird.c(298,112): warning C4305: 'başlatılıyor': 'double' iken 'float' olarak kesildi
C:\Users\BARAN\source\repos\C\17_flippybird\17_flippybird.c(307,88): warning C4305: 'başlatılıyor': 'double' iken 'float' olarak kesildi
C:\Users\BARAN\source\repos\C\17_flippybird\17_flippybird.c(314,83): warning C4305: 'başlatılıyor': 'double' iken 'float' olarak kesildi
C:\Users\BARAN\source\repos\C\17_flippybird\17_flippybird.c(318,90): warning C4305: 'başlatılıyor': 'double' iken 'float' olarak kesildi
C:\Users\BARAN\source\repos\C\17_flippybird\17_flippybird.c(325,85): warning C4305: 'başlatılıyor': 'double' iken 'float' olarak kesildi
C:\Users\BARAN\source\repos\C\17_flippybird\17_flippybird.c(328,88): warning C4305: 'başlatılıyor': 'double' iken 'float' olarak kesildi
C:\Users\BARAN\source\repos\C\17_flippybird\17_flippybird.c(336,83): warning C4305: 'başlatılıyor': 'double' iken 'float' olarak kesildi
C:\Users\BARAN\source\repos\C\17_flippybird\17_flippybird.c(341,87): warning C4305: 'başlatılıyor': 'double' iken 'float' olarak kesildi
C:\Users\BARAN\source\repos\C\17_flippybird\17_flippybird.c(350,82): warning C4305: 'başlatılıyor': 'double' iken 'float' olarak kesildi
C:\Users\BARAN\source\repos\C\17_flippybird\17_flippybird.c(364,114): warning C4305: 'başlatılıyor': 'double' iken 'float' olarak kesildi
C:\Users\BARAN\source\repos\C\17_flippybird\17_flippybird.c(364,119): warning C4305: 'başlatılıyor': 'double' iken 'float' olarak kesildi
C:\Users\BARAN\source\repos\C\17_flippybird\17_flippybird.c(371,114): warning C4305: 'başlatılıyor': 'double' iken 'float' olarak kesildi
C:\Users\BARAN\source\repos\C\17_flippybird\17_flippybird.c(371,119): warning C4305: 'başlatılıyor': 'double' iken 'float' olarak kesildi
C:\Users\BARAN\source\repos\C\17_flippybird\17_flippybird.c(378,131): warning C4305: 'başlatılıyor': 'double' iken 'float' olarak kesildi
C:\Users\BARAN\source\repos\C\17_flippybird\17_flippybird.c(378,137): warning C4305: 'başlatılıyor': 'double' iken 'float' olarak kesildi
C:\Users\BARAN\source\repos\C\17_flippybird\17_flippybird.c(389,93): warning C4305: 'başlatılıyor': 'double' iken 'float' olarak kesildi
C:\Users\BARAN\source\repos\C\17_flippybird\17_flippybird.c(389,99): warning C4305: 'başlatılıyor': 'double' iken 'float' olarak kesildi
C:\Users\BARAN\source\repos\C\17_flippybird\17_flippybird.c(393,92): warning C4305: 'başlatılıyor': 'double' iken 'float' olarak kesildi
C:\Users\BARAN\source\repos\C\17_flippybird\17_flippybird.c(393,98): warning C4305: 'başlatılıyor': 'double' iken 'float' olarak kesildi
C:\Users\BARAN\source\repos\C\17_flippybird\17_flippybird.c(399,88): warning C4305: 'başlatılıyor': 'double' iken 'float' olarak kesildi
C:\Users\BARAN\source\repos\C\17_flippybird\17_flippybird.c(399,94): warning C4305: 'başlatılıyor': 'double' iken 'float' olarak kesildi
C:\Users\BARAN\source\repos\C\17_flippybird\17_flippybird.c(402,89): warning C4305: 'başlatılıyor': 'double' iken 'float' olarak kesildi
C:\Users\BARAN\source\repos\C\17_flippybird\17_flippybird.c(402,95): warning C4305: 'başlatılıyor': 'double' iken 'float' olarak kesildi
C:\Users\BARAN\source\repos\C\17_flippybird\17_flippybird.c(410,86): warning C4305: 'başlatılıyor': 'double' iken 'float' olarak kesildi
C:\Users\BARAN\source\repos\C\17_flippybird\17_flippybird.c(410,91): warning C4305: 'başlatılıyor': 'double' iken 'float' olarak kesildi
C:\Users\BARAN\source\repos\C\17_flippybird\17_flippybird.c(416,85): warning C4305: 'başlatılıyor': 'double' iken 'float' olarak kesildi
C:\Users\BARAN\source\repos\C\17_flippybird\17_flippybird.c(416,90): warning C4305: 'başlatılıyor': 'double' iken 'float' olarak kesildi
C:\Users\BARAN\source\repos\C\17_flippybird\17_flippybird.c(422,81): warning C4305: 'başlatılıyor': 'double' iken 'float' olarak kesildi
C:\Users\BARAN\source\repos\C\17_flippybird\17_flippybird.c(422,86): warning C4305: 'başlatılıyor': 'double' iken 'float' olarak kesildi
C:\Users\BARAN\source\repos\C\17_flippybird\17_flippybird.c(425,82): warning C4305: 'başlatılıyor': 'double' iken 'float' olarak kesildi
C:\Users\BARAN\source\repos\C\17_flippybird\17_flippybird.c(425,87): warning C4305: 'başlatılıyor': 'double' iken 'float' olarak kesildi
C:\Users\BARAN\source\repos\C\17_flippybird\17_flippybird.c(433,86): warning C4305: 'başlatılıyor': 'double' iken 'float' olarak kesildi
C:\Users\BARAN\source\repos\C\17_flippybird\17_flippybird.c(433,91): warning C4305: 'başlatılıyor': 'double' iken 'float' olarak kesildi
C:\Users\BARAN\source\repos\C\17_flippybird\17_flippybird.c(440,85): warning C4305: 'başlatılıyor': 'double' iken 'float' olarak kesildi
C:\Users\BARAN\source\repos\C\17_flippybird\17_flippybird.c(440,90): warning C4305: 'başlatılıyor': 'double' iken 'float' olarak kesildi
C:\Users\BARAN\source\repos\C\17_flippybird\17_flippybird.c(448,81): warning C4305: 'başlatılıyor': 'double' iken 'float' olarak kesildi
C:\Users\BARAN\source\repos\C\17_flippybird\17_flippybird.c(448,86): warning C4305: 'başlatılıyor': 'double' iken 'float' olarak kesildi
C:\Users\BARAN\source\repos\C\17_flippybird\17_flippybird.c(451,82): warning C4305: 'başlatılıyor': 'double' iken 'float' olarak kesildi
C:\Users\BARAN\source\repos\C\17_flippybird\17_flippybird.c(451,87): warning C4305: 'başlatılıyor': 'double' iken 'float' olarak kesildi
C:\Users\BARAN\source\repos\C\17_flippybird\17_flippybird.c(359,52): warning C4244: 'başlatılıyor': 'int' - 'float' dönüşümü; veri kaybı olabilir
C:\Users\BARAN\source\repos\C\17_flippybird\17_flippybird.c(359,73): warning C4244: 'başlatılıyor': 'int' - 'float' dönüşümü; veri kaybı olabilir
C:\Users\BARAN\source\repos\C\17_flippybird\17_flippybird.c(461,96): warning C4305: 'başlatılıyor': 'double' iken 'float' olarak kesildi
C:\Users\BARAN\source\repos\C\17_flippybird\17_flippybird.c(461,102): warning C4305: 'başlatılıyor': 'double' iken 'float' olarak kesildi
C:\Users\BARAN\source\repos\C\17_flippybird\17_flippybird.c(468,94): warning C4305: 'başlatılıyor': 'double' iken 'float' olarak kesildi
C:\Users\BARAN\source\repos\C\17_flippybird\17_flippybird.c(468,100): warning C4305: 'başlatılıyor': 'double' iken 'float' olarak kesildi
C:\Users\BARAN\source\repos\C\17_flippybird\17_flippybird.c(476,71): warning C4305: 'başlatılıyor': 'double' iken 'float' olarak kesildi
C:\Users\BARAN\source\repos\C\17_flippybird\17_flippybird.c(476,77): warning C4305: 'başlatılıyor': 'double' iken 'float' olarak kesildi
C:\Users\BARAN\source\repos\C\17_flippybird\17_flippybird.c(477,70): warning C4305: 'başlatılıyor': 'double' iken 'float' olarak kesildi
C:\Users\BARAN\source\repos\C\17_flippybird\17_flippybird.c(477,76): warning C4305: 'başlatılıyor': 'double' iken 'float' olarak kesildi
C:\Users\BARAN\source\repos\C\17_flippybird\17_flippybird.c(504,98): warning C4305: 'başlatılıyor': 'double' iken 'float' olarak kesildi
C:\Users\BARAN\source\repos\C\17_flippybird\17_flippybird.c(518,102): warning C4305: 'başlatılıyor': 'double' iken 'float' olarak kesildi
C:\Users\BARAN\source\repos\C\17_flippybird\17_flippybird.c(527,82): warning C4305: 'başlatılıyor': 'double' iken 'float' olarak kesildi
C:\Users\BARAN\source\repos\C\17_flippybird\17_flippybird.c(537,77): warning C4305: 'başlatılıyor': 'double' iken 'float' olarak kesildi
C:\Users\BARAN\source\repos\C\17_flippybird\17_flippybird.c(554,84): warning C4305: 'başlatılıyor': 'double' iken 'float' olarak kesildi
C:\Users\BARAN\source\repos\C\17_flippybird\17_flippybird.c(564,79): warning C4305: 'başlatılıyor': 'double' iken 'float' olarak kesildi
C:\Users\BARAN\source\repos\C\17_flippybird\17_flippybird.c(496,52): warning C4244: 'başlatılıyor': 'int' - 'float' dönüşümü; veri kaybı olabilir
C:\Users\BARAN\source\repos\C\17_flippybird\17_flippybird.c(496,73): warning C4244: 'başlatılıyor': 'int' - 'float' dönüşümü; veri kaybı olabilir
C:\Users\BARAN\source\repos\C\17_flippybird\17_flippybird.c(572,102): warning C4305: 'başlatılıyor': 'double' iken 'float' olarak kesildi
C:\Users\BARAN\source\repos\C\17_flippybird\17_flippybird.c(596,100): warning C4305: 'başlatılıyor': 'double' iken 'float' olarak kesildi
C:\Users\BARAN\source\repos\C\17_flippybird\17_flippybird.c(597,106): warning C4305: 'başlatılıyor': 'double' iken 'float' olarak kesildi
C:\Users\BARAN\source\repos\C\17_flippybird\17_flippybird.c(599,60): warning C4244: 'başlatılıyor': 'int' - 'float' dönüşümü; veri kaybı olabilir
C:\Users\BARAN\source\repos\C\17_flippybird\17_flippybird.c(600,78): warning C4305: 'başlatılıyor': 'double' iken 'float' olarak kesildi
C:\Users\BARAN\source\repos\C\17_flippybird\17_flippybird.c(633,82): warning C4305: 'başlatılıyor': 'double' iken 'float' olarak kesildi
C:\Users\BARAN\source\repos\C\17_flippybird\17_flippybird.c(643,100): warning C4305: 'başlatılıyor': 'double' iken 'float' olarak kesildi
C:\Users\BARAN\source\repos\C\17_flippybird\17_flippybird.c(644,106): warning C4305: 'başlatılıyor': 'double' iken 'float' olarak kesildi
C:\Users\BARAN\source\repos\C\17_flippybird\17_flippybird.c(645,78): warning C4305: 'başlatılıyor': 'double' iken 'float' olarak kesildi
C:\Users\BARAN\source\repos\C\17_flippybird\17_flippybird.c(655,102): warning C4305: 'başlatılıyor': 'double' iken 'float' olarak kesildi
C:\Users\BARAN\source\repos\C\17_flippybird\17_flippybird.c(673,105): warning C4305: 'başlatılıyor': 'double' iken 'float' olarak kesildi
C:\Users\BARAN\source\repos\C\17_flippybird\17_flippybird.c(673,110): warning C4305: 'başlatılıyor': 'double' iken 'float' olarak kesildi
C:\Users\BARAN\source\repos\C\17_flippybird\17_flippybird.c(680,99): warning C4305: 'başlatılıyor': 'double' iken 'float' olarak kesildi
C:\Users\BARAN\source\repos\C\17_flippybird\17_flippybird.c(680,104): warning C4305: 'başlatılıyor': 'double' iken 'float' olarak kesildi
C:\Users\BARAN\source\repos\C\17_flippybird\17_flippybird.c(687,101): warning C4305: 'başlatılıyor': 'double' iken 'float' olarak kesildi
C:\Users\BARAN\source\repos\C\17_flippybird\17_flippybird.c(694,100): warning C4305: 'başlatılıyor': 'double' iken 'float' olarak kesildi
C:\Users\BARAN\source\repos\C\17_flippybird\17_flippybird.c(694,105): warning C4305: 'başlatılıyor': 'double' iken 'float' olarak kesildi
C:\Users\BARAN\source\repos\C\17_flippybird\17_flippybird.c(744,82): warning C4305: 'başlatılıyor': 'double' iken 'float' olarak kesildi
C:\Users\BARAN\source\repos\C\17_flippybird\17_flippybird.c(744,87): warning C4305: 'başlatılıyor': 'double' iken 'float' olarak kesildi
C:\Users\BARAN\source\repos\C\17_flippybird\17_flippybird.c(749,89): warning C4305: 'başlatılıyor': 'double' iken 'float' olarak kesildi
C:\Users\BARAN\source\repos\C\17_flippybird\17_flippybird.c(749,94): warning C4305: 'başlatılıyor': 'double' iken 'float' olarak kesildi
C:\Users\BARAN\source\repos\C\17_flippybird\17_flippybird.c(757,84): warning C4305: 'başlatılıyor': 'double' iken 'float' olarak kesildi
C:\Users\BARAN\source\repos\C\17_flippybird\17_flippybird.c(757,89): warning C4305: 'başlatılıyor': 'double' iken 'float' olarak kesildi
C:\Users\BARAN\source\repos\C\17_flippybird\17_flippybird.c(761,86): warning C4305: 'başlatılıyor': 'double' iken 'float' olarak kesildi
C:\Users\BARAN\source\repos\C\17_flippybird\17_flippybird.c(761,91): warning C4305: 'başlatılıyor': 'double' iken 'float' olarak kesildi
C:\Users\BARAN\source\repos\C\17_flippybird\17_flippybird.c(769,81): warning C4305: 'başlatılıyor': 'double' iken 'float' olarak kesildi
C:\Users\BARAN\source\repos\C\17_flippybird\17_flippybird.c(769,86): warning C4305: 'başlatılıyor': 'double' iken 'float' olarak kesildi
C:\Users\BARAN\source\repos\C\17_flippybird\17_flippybird.c(773,88): warning C4305: 'başlatılıyor': 'double' iken 'float' olarak kesildi
C:\Users\BARAN\source\repos\C\17_flippybird\17_flippybird.c(781,83): warning C4305: 'başlatılıyor': 'double' iken 'float' olarak kesildi
C:\Users\BARAN\source\repos\C\17_flippybird\17_flippybird.c(785,87): warning C4305: 'başlatılıyor': 'double' iken 'float' olarak kesildi
C:\Users\BARAN\source\repos\C\17_flippybird\17_flippybird.c(785,92): warning C4305: 'başlatılıyor': 'double' iken 'float' olarak kesildi
C:\Users\BARAN\source\repos\C\17_flippybird\17_flippybird.c(793,82): warning C4305: 'başlatılıyor': 'double' iken 'float' olarak kesildi
C:\Users\BARAN\source\repos\C\17_flippybird\17_flippybird.c(793,87): warning C4305: 'başlatılıyor': 'double' iken 'float' olarak kesildi
C:\Users\BARAN\source\repos\C\17_flippybird\17_flippybird.c(735,56): warning C4244: 'başlatılıyor': 'int' - 'float' dönüşümü; veri kaybı olabilir
C:\Users\BARAN\source\repos\C\17_flippybird\17_flippybird.c(735,77): warning C4244: 'başlatılıyor': 'int' - 'float' dönüşümü; veri kaybı olabilir
C:\Users\BARAN\source\repos\C\17_flippybird\17_flippybird.c(804,107): warning C4305: 'başlatılıyor': 'double' iken 'float' olarak kesildi
C:\Users\BARAN\source\repos\C\17_flippybird\17_flippybird.c(804,112): warning C4305: 'başlatılıyor': 'double' iken 'float' olarak kesildi
C:\Users\BARAN\source\repos\C\17_flippybird\17_flippybird.c(811,109): warning C4305: 'başlatılıyor': 'double' iken 'float' olarak kesildi
C:\Users\BARAN\source\repos\C\17_flippybird\17_flippybird.c(811,114): warning C4305: 'başlatılıyor': 'double' iken 'float' olarak kesildi
C:\Users\BARAN\source\repos\C\17_flippybird\17_flippybird.c(818,101): warning C4305: 'başlatılıyor': 'double' iken 'float' olarak kesildi
C:\Users\BARAN\source\repos\C\17_flippybird\17_flippybird.c(825,108): warning C4305: 'başlatılıyor': 'double' iken 'float' olarak kesildi
C:\Users\BARAN\source\repos\C\17_flippybird\17_flippybird.c(825,113): warning C4305: 'başlatılıyor': 'double' iken 'float' olarak kesildi
C:\Users\BARAN\source\repos\C\17_flippybird\17_flippybird.c(845,83): warning C4305: 'başlatılıyor': 'double' iken 'float' olarak kesildi
C:\Users\BARAN\source\repos\C\17_flippybird\17_flippybird.c(845,88): warning C4305: 'başlatılıyor': 'double' iken 'float' olarak kesildi
C:\Users\BARAN\source\repos\C\17_flippybird\17_flippybird.c(848,94): warning C4305: 'başlatılıyor': 'double' iken 'float' olarak kesildi
C:\Users\BARAN\source\repos\C\17_flippybird\17_flippybird.c(848,99): warning C4305: 'başlatılıyor': 'double' iken 'float' olarak kesildi
C:\Users\BARAN\source\repos\C\17_flippybird\17_flippybird.c(856,89): warning C4305: 'başlatılıyor': 'double' iken 'float' olarak kesildi
C:\Users\BARAN\source\repos\C\17_flippybird\17_flippybird.c(856,94): warning C4305: 'başlatılıyor': 'double' iken 'float' olarak kesildi
C:\Users\BARAN\source\repos\C\17_flippybird\17_flippybird.c(860,91): warning C4305: 'başlatılıyor': 'double' iken 'float' olarak kesildi
C:\Users\BARAN\source\repos\C\17_flippybird\17_flippybird.c(860,96): warning C4305: 'başlatılıyor': 'double' iken 'float' olarak kesildi
C:\Users\BARAN\source\repos\C\17_flippybird\17_flippybird.c(868,86): warning C4305: 'başlatılıyor': 'double' iken 'float' olarak kesildi
C:\Users\BARAN\source\repos\C\17_flippybird\17_flippybird.c(868,91): warning C4305: 'başlatılıyor': 'double' iken 'float' olarak kesildi
C:\Users\BARAN\source\repos\C\17_flippybird\17_flippybird.c(872,87): warning C4305: 'başlatılıyor': 'double' iken 'float' olarak kesildi
C:\Users\BARAN\source\repos\C\17_flippybird\17_flippybird.c(880,82): warning C4305: 'başlatılıyor': 'double' iken 'float' olarak kesildi
C:\Users\BARAN\source\repos\C\17_flippybird\17_flippybird.c(884,95): warning C4305: 'başlatılıyor': 'double' iken 'float' olarak kesildi
C:\Users\BARAN\source\repos\C\17_flippybird\17_flippybird.c(884,100): warning C4305: 'başlatılıyor': 'double' iken 'float' olarak kesildi
C:\Users\BARAN\source\repos\C\17_flippybird\17_flippybird.c(892,90): warning C4305: 'başlatılıyor': 'double' iken 'float' olarak kesildi
C:\Users\BARAN\source\repos\C\17_flippybird\17_flippybird.c(892,95): warning C4305: 'başlatılıyor': 'double' iken 'float' olarak kesildi
C:\Users\BARAN\source\repos\C\17_flippybird\17_flippybird.c(836,56): warning C4244: 'başlatılıyor': 'int' - 'float' dönüşümü; veri kaybı olabilir
C:\Users\BARAN\source\repos\C\17_flippybird\17_flippybird.c(836,77): warning C4244: 'başlatılıyor': 'int' - 'float' dönüşümü; veri kaybı olabilir
C:\Users\BARAN\source\repos\C\17_flippybird\17_flippybird.c(929,109): warning C4305: 'başlatılıyor': 'double' iken 'float' olarak kesildi
C:\Users\BARAN\source\repos\C\17_flippybird\17_flippybird.c(929,114): warning C4305: 'başlatılıyor': 'double' iken 'float' olarak kesildi
C:\Users\BARAN\source\repos\C\17_flippybird\17_flippybird.c(936,110): warning C4305: 'başlatılıyor': 'double' iken 'float' olarak kesildi
C:\Users\BARAN\source\repos\C\17_flippybird\17_flippybird.c(936,115): warning C4305: 'başlatılıyor': 'double' iken 'float' olarak kesildi
C:\Users\BARAN\source\repos\C\17_flippybird\17_flippybird.c(943,110): warning C4305: 'başlatılıyor': 'double' iken 'float' olarak kesildi
C:\Users\BARAN\source\repos\C\17_flippybird\17_flippybird.c(964,83): warning C4305: 'başlatılıyor': 'double' iken 'float' olarak kesildi
C:\Users\BARAN\source\repos\C\17_flippybird\17_flippybird.c(964,88): warning C4305: 'başlatılıyor': 'double' iken 'float' olarak kesildi
C:\Users\BARAN\source\repos\C\17_flippybird\17_flippybird.c(969,91): warning C4305: 'başlatılıyor': 'double' iken 'float' olarak kesildi
C:\Users\BARAN\source\repos\C\17_flippybird\17_flippybird.c(969,96): warning C4305: 'başlatılıyor': 'double' iken 'float' olarak kesildi
C:\Users\BARAN\source\repos\C\17_flippybird\17_flippybird.c(977,86): warning C4305: 'başlatılıyor': 'double' iken 'float' olarak kesildi
C:\Users\BARAN\source\repos\C\17_flippybird\17_flippybird.c(977,91): warning C4305: 'başlatılıyor': 'double' iken 'float' olarak kesildi
C:\Users\BARAN\source\repos\C\17_flippybird\17_flippybird.c(981,92): warning C4305: 'başlatılıyor': 'double' iken 'float' olarak kesildi
C:\Users\BARAN\source\repos\C\17_flippybird\17_flippybird.c(981,97): warning C4305: 'başlatılıyor': 'double' iken 'float' olarak kesildi
C:\Users\BARAN\source\repos\C\17_flippybird\17_flippybird.c(989,87): warning C4305: 'başlatılıyor': 'double' iken 'float' olarak kesildi
C:\Users\BARAN\source\repos\C\17_flippybird\17_flippybird.c(989,92): warning C4305: 'başlatılıyor': 'double' iken 'float' olarak kesildi
C:\Users\BARAN\source\repos\C\17_flippybird\17_flippybird.c(992,92): warning C4305: 'başlatılıyor': 'double' iken 'float' olarak kesildi
C:\Users\BARAN\source\repos\C\17_flippybird\17_flippybird.c(1000,87): warning C4305: 'başlatılıyor': 'double' iken 'float' olarak kesildi
C:\Users\BARAN\source\repos\C\17_flippybird\17_flippybird.c(955,56): warning C4244: 'başlatılıyor': 'int' - 'float' dönüşümü; veri kaybı olabilir
C:\Users\BARAN\source\repos\C\17_flippybird\17_flippybird.c(955,77): warning C4244: 'başlatılıyor': 'int' - 'float' dönüşümü; veri kaybı olabilir
C:\Users\BARAN\source\repos\C\17_flippybird\17_flippybird.c(1085,57): warning C4244: 'işlev': 'int' - 'float' dönüşümü; veri kaybı olabilir
C:\Users\BARAN\source\repos\C\17_flippybird\17_flippybird.c(1080,42): warning C4244: 'başlatılıyor': 'int' - 'float' dönüşümü; veri kaybı olabilir
C:\Users\BARAN\source\repos\C\17_flippybird\17_flippybird.c(1080,57): warning C4244: 'başlatılıyor': 'int' - 'float' dönüşümü; veri kaybı olabilir
C:\Users\BARAN\source\repos\C\17_flippybird\17_flippybird.c(1081,69): warning C4244: 'başlatılıyor': 'int' - 'float' dönüşümü; veri kaybı olabilir
C:\Users\BARAN\source\repos\C\17_flippybird\17_flippybird.c(1081,84): warning C4244: 'başlatılıyor': 'int' - 'float' dönüşümü; veri kaybı olabilir
C:\Users\BARAN\source\repos\C\17_flippybird\17_flippybird.c(1082,38): warning C4244: 'başlatılıyor': 'int' - 'float' dönüşümü; veri kaybı olabilir
C:\Users\BARAN\source\repos\C\17_flippybird\17_flippybird.c(1082,58): warning C4244: 'başlatılıyor': 'int' - 'float' dönüşümü; veri kaybı olabilir
C:\Users\BARAN\source\repos\C\17_flippybird\17_flippybird.c(1216,53): warning C4244: 'başlatılıyor': 'int' - 'float' dönüşümü; veri kaybı olabilir
C:\Users\BARAN\source\repos\C\17_flippybird\17_flippybird.c(1221,29): warning C4244: '=': 'int' - 'float' dönüşümü; veri kaybı olabilir
C:\Users\BARAN\source\repos\C\17_flippybird\17_flippybird.c(1222,25): warning C4244: '=': 'int' - 'float' dönüşümü; veri kaybı olabilir
C:\Users\BARAN\source\repos\C\17_flippybird\17_flippybird.c(1258,26): warning C4305: '-=': 'double' iken 'float' olarak kesildi
C:\Users\BARAN\source\repos\C\17_flippybird\17_flippybird.c(1262,74): warning C4244: '=': 'int' - 'float' dönüşümü; veri kaybı olabilir
C:\Users\BARAN\source\repos\C\17_flippybird\17_flippybird.c(1273,78): warning C4244: '-=': 'double' - 'float' dönüşümü; veri kaybı olabilir
C:\Users\BARAN\source\repos\C\17_flippybird\17_flippybird.c(1306,64): warning C4244: 'işlev': 'int' - 'float' dönüşümü; veri kaybı olabilir
C:\Users\BARAN\source\repos\C\17_flippybird\17_flippybird.c(1267,78): warning C4244: 'başlatılıyor': 'int' - 'float' dönüşümü; veri kaybı olabilir
C:\Users\BARAN\source\repos\C\17_flippybird\17_flippybird.c(1267,99): warning C4244: 'başlatılıyor': 'int' - 'float' dönüşümü; veri kaybı olabilir
C:\Users\BARAN\source\repos\C\17_flippybird\17_flippybird.c(1267,119): warning C4244: 'başlatılıyor': 'int' - 'float' dönüşümü; veri kaybı olabilir
C:\Users\BARAN\source\repos\C\17_flippybird\17_flippybird.c(1373,93): warning C4305: 'başlatılıyor': 'double' iken 'float' olarak kesildi
C:\Users\BARAN\source\repos\C\17_flippybird\17_flippybird.c(1373,98): warning C4305: 'başlatılıyor': 'double' iken 'float' olarak kesildi
C:\Users\BARAN\source\repos\C\17_flippybird\17_flippybird.c(1374,105): warning C4305: 'başlatılıyor': 'double' iken 'float' olarak kesildi
C:\Users\BARAN\source\repos\C\17_flippybird\17_flippybird.c(1374,110): warning C4305: 'başlatılıyor': 'double' iken 'float' olarak kesildi
C:\Users\BARAN\source\repos\C\17_flippybird\17_flippybird.c(1375,65): warning C4244: 'başlatılıyor': 'int' - 'float' dönüşümü; veri kaybı olabilir
  17_flippybird.vcxproj -> C:\Users\BARAN\source\repos\C\17_flippybird\x64\Debug\17_flippybird.exe
  'pwsh.exe' is not recognized as an internal or external command,
  operable program or batch file.
