  17_flippybird.c
C:\Users\BARAN\source\repos\C\17_flippybird\17_flippybird.c(275,94): warning C4305: 'başlatılıyor': 'double' iken 'float' olarak kesildi
C:\Users\BARAN\source\repos\C\17_flippybird\17_flippybird.c(277,117): warning C4305: 'başlatılıyor': 'double' iken 'float' olarak kesildi
C:\Users\BARAN\source\repos\C\17_flippybird\17_flippybird.c(284,121): warning C4305: 'başlatılıyor': 'double' iken 'float' olarak kesildi
C:\Users\BARAN\source\repos\C\17_flippybird\17_flippybird.c(291,114): warning C4305: 'başlatılıyor': 'double' iken 'float' olarak kesildi
C:\Users\BARAN\source\repos\C\17_flippybird\17_flippybird.c(298,117): warning C4305: 'başlatılıyor': 'double' iken 'float' olarak kesildi
C:\Users\BARAN\source\repos\C\17_flippybird\17_flippybird.c(307,93): warning C4305: 'başlatılıyor': 'double' iken 'float' olarak kesildi
C:\Users\BARAN\source\repos\C\17_flippybird\17_flippybird.c(314,88): warning C4305: 'başlatılıyor': 'double' iken 'float' olarak kesildi
C:\Users\BARAN\source\repos\C\17_flippybird\17_flippybird.c(318,95): warning C4305: 'başlatılıyor': 'double' iken 'float' olarak kesildi
C:\Users\BARAN\source\repos\C\17_flippybird\17_flippybird.c(325,90): warning C4305: 'başlatılıyor': 'double' iken 'float' olarak kesildi
C:\Users\BARAN\source\repos\C\17_flippybird\17_flippybird.c(328,93): warning C4305: 'başlatılıyor': 'double' iken 'float' olarak kesildi
C:\Users\BARAN\source\repos\C\17_flippybird\17_flippybird.c(336,88): warning C4305: 'başlatılıyor': 'double' iken 'float' olarak kesildi
C:\Users\BARAN\source\repos\C\17_flippybird\17_flippybird.c(341,91): warning C4305: 'başlatılıyor': 'double' iken 'float' olarak kesildi
C:\Users\BARAN\source\repos\C\17_flippybird\17_flippybird.c(350,86): warning C4305: 'başlatılıyor': 'double' iken 'float' olarak kesildi
C:\Users\BARAN\source\repos\C\17_flippybird\17_flippybird.c(364,124): warning C4305: 'başlatılıyor': 'double' iken 'float' olarak kesildi
C:\Users\BARAN\source\repos\C\17_flippybird\17_flippybird.c(371,124): warning C4305: 'başlatılıyor': 'double' iken 'float' olarak kesildi
C:\Users\BARAN\source\repos\C\17_flippybird\17_flippybird.c(378,142): warning C4305: 'başlatılıyor': 'double' iken 'float' olarak kesildi
C:\Users\BARAN\source\repos\C\17_flippybird\17_flippybird.c(389,104): warning C4305: 'başlatılıyor': 'double' iken 'float' olarak kesildi
C:\Users\BARAN\source\repos\C\17_flippybird\17_flippybird.c(393,103): warning C4305: 'başlatılıyor': 'double' iken 'float' olarak kesildi
C:\Users\BARAN\source\repos\C\17_flippybird\17_flippybird.c(399,99): warning C4305: 'başlatılıyor': 'double' iken 'float' olarak kesildi
C:\Users\BARAN\source\repos\C\17_flippybird\17_flippybird.c(402,100): warning C4305: 'başlatılıyor': 'double' iken 'float' olarak kesildi
C:\Users\BARAN\source\repos\C\17_flippybird\17_flippybird.c(410,96): warning C4305: 'başlatılıyor': 'double' iken 'float' olarak kesildi
C:\Users\BARAN\source\repos\C\17_flippybird\17_flippybird.c(416,95): warning C4305: 'başlatılıyor': 'double' iken 'float' olarak kesildi
C:\Users\BARAN\source\repos\C\17_flippybird\17_flippybird.c(422,91): warning C4305: 'başlatılıyor': 'double' iken 'float' olarak kesildi
C:\Users\BARAN\source\repos\C\17_flippybird\17_flippybird.c(425,92): warning C4305: 'başlatılıyor': 'double' iken 'float' olarak kesildi
C:\Users\BARAN\source\repos\C\17_flippybird\17_flippybird.c(433,96): warning C4305: 'başlatılıyor': 'double' iken 'float' olarak kesildi
C:\Users\BARAN\source\repos\C\17_flippybird\17_flippybird.c(440,95): warning C4305: 'başlatılıyor': 'double' iken 'float' olarak kesildi
C:\Users\BARAN\source\repos\C\17_flippybird\17_flippybird.c(448,91): warning C4305: 'başlatılıyor': 'double' iken 'float' olarak kesildi
C:\Users\BARAN\source\repos\C\17_flippybird\17_flippybird.c(451,92): warning C4305: 'başlatılıyor': 'double' iken 'float' olarak kesildi
C:\Users\BARAN\source\repos\C\17_flippybird\17_flippybird.c(359,52): warning C4244: 'başlatılıyor': 'int' - 'float' dönüşümü; veri kaybı olabilir
C:\Users\BARAN\source\repos\C\17_flippybird\17_flippybird.c(359,73): warning C4244: 'başlatılıyor': 'int' - 'float' dönüşümü; veri kaybı olabilir
C:\Users\BARAN\source\repos\C\17_flippybird\17_flippybird.c(461,106): warning C4305: 'başlatılıyor': 'double' iken 'float' olarak kesildi
C:\Users\BARAN\source\repos\C\17_flippybird\17_flippybird.c(468,104): warning C4305: 'başlatılıyor': 'double' iken 'float' olarak kesildi
C:\Users\BARAN\source\repos\C\17_flippybird\17_flippybird.c(476,81): warning C4305: 'başlatılıyor': 'double' iken 'float' olarak kesildi
C:\Users\BARAN\source\repos\C\17_flippybird\17_flippybird.c(477,80): warning C4305: 'başlatılıyor': 'double' iken 'float' olarak kesildi
C:\Users\BARAN\source\repos\C\17_flippybird\17_flippybird.c(504,107): warning C4305: 'başlatılıyor': 'double' iken 'float' olarak kesildi
C:\Users\BARAN\source\repos\C\17_flippybird\17_flippybird.c(518,111): warning C4305: 'başlatılıyor': 'double' iken 'float' olarak kesildi
C:\Users\BARAN\source\repos\C\17_flippybird\17_flippybird.c(527,91): warning C4305: 'başlatılıyor': 'double' iken 'float' olarak kesildi
C:\Users\BARAN\source\repos\C\17_flippybird\17_flippybird.c(537,86): warning C4305: 'başlatılıyor': 'double' iken 'float' olarak kesildi
C:\Users\BARAN\source\repos\C\17_flippybird\17_flippybird.c(554,93): warning C4305: 'başlatılıyor': 'double' iken 'float' olarak kesildi
C:\Users\BARAN\source\repos\C\17_flippybird\17_flippybird.c(564,88): warning C4305: 'başlatılıyor': 'double' iken 'float' olarak kesildi
C:\Users\BARAN\source\repos\C\17_flippybird\17_flippybird.c(496,52): warning C4244: 'başlatılıyor': 'int' - 'float' dönüşümü; veri kaybı olabilir
C:\Users\BARAN\source\repos\C\17_flippybird\17_flippybird.c(496,73): warning C4244: 'başlatılıyor': 'int' - 'float' dönüşümü; veri kaybı olabilir
C:\Users\BARAN\source\repos\C\17_flippybird\17_flippybird.c(572,106): warning C4305: 'başlatılıyor': 'double' iken 'float' olarak kesildi
C:\Users\BARAN\source\repos\C\17_flippybird\17_flippybird.c(596,104): warning C4305: 'başlatılıyor': 'double' iken 'float' olarak kesildi
C:\Users\BARAN\source\repos\C\17_flippybird\17_flippybird.c(597,110): warning C4305: 'başlatılıyor': 'double' iken 'float' olarak kesildi
C:\Users\BARAN\source\repos\C\17_flippybird\17_flippybird.c(599,60): warning C4244: 'başlatılıyor': 'int' - 'float' dönüşümü; veri kaybı olabilir
C:\Users\BARAN\source\repos\C\17_flippybird\17_flippybird.c(600,82): warning C4305: 'başlatılıyor': 'double' iken 'float' olarak kesildi
C:\Users\BARAN\source\repos\C\17_flippybird\17_flippybird.c(633,86): warning C4305: 'başlatılıyor': 'double' iken 'float' olarak kesildi
C:\Users\BARAN\source\repos\C\17_flippybird\17_flippybird.c(643,104): warning C4305: 'başlatılıyor': 'double' iken 'float' olarak kesildi
C:\Users\BARAN\source\repos\C\17_flippybird\17_flippybird.c(644,110): warning C4305: 'başlatılıyor': 'double' iken 'float' olarak kesildi
C:\Users\BARAN\source\repos\C\17_flippybird\17_flippybird.c(645,82): warning C4305: 'başlatılıyor': 'double' iken 'float' olarak kesildi
C:\Users\BARAN\source\repos\C\17_flippybird\17_flippybird.c(655,106): warning C4305: 'başlatılıyor': 'double' iken 'float' olarak kesildi
C:\Users\BARAN\source\repos\C\17_flippybird\17_flippybird.c(673,114): warning C4305: 'başlatılıyor': 'double' iken 'float' olarak kesildi
C:\Users\BARAN\source\repos\C\17_flippybird\17_flippybird.c(680,108): warning C4305: 'başlatılıyor': 'double' iken 'float' olarak kesildi
C:\Users\BARAN\source\repos\C\17_flippybird\17_flippybird.c(687,110): warning C4305: 'başlatılıyor': 'double' iken 'float' olarak kesildi
C:\Users\BARAN\source\repos\C\17_flippybird\17_flippybird.c(694,109): warning C4305: 'başlatılıyor': 'double' iken 'float' olarak kesildi
C:\Users\BARAN\source\repos\C\17_flippybird\17_flippybird.c(744,91): warning C4305: 'başlatılıyor': 'double' iken 'float' olarak kesildi
C:\Users\BARAN\source\repos\C\17_flippybird\17_flippybird.c(749,98): warning C4305: 'başlatılıyor': 'double' iken 'float' olarak kesildi
C:\Users\BARAN\source\repos\C\17_flippybird\17_flippybird.c(757,93): warning C4305: 'başlatılıyor': 'double' iken 'float' olarak kesildi
C:\Users\BARAN\source\repos\C\17_flippybird\17_flippybird.c(761,95): warning C4305: 'başlatılıyor': 'double' iken 'float' olarak kesildi
C:\Users\BARAN\source\repos\C\17_flippybird\17_flippybird.c(769,90): warning C4305: 'başlatılıyor': 'double' iken 'float' olarak kesildi
C:\Users\BARAN\source\repos\C\17_flippybird\17_flippybird.c(773,97): warning C4305: 'başlatılıyor': 'double' iken 'float' olarak kesildi
C:\Users\BARAN\source\repos\C\17_flippybird\17_flippybird.c(781,92): warning C4305: 'başlatılıyor': 'double' iken 'float' olarak kesildi
C:\Users\BARAN\source\repos\C\17_flippybird\17_flippybird.c(785,96): warning C4305: 'başlatılıyor': 'double' iken 'float' olarak kesildi
C:\Users\BARAN\source\repos\C\17_flippybird\17_flippybird.c(793,91): warning C4305: 'başlatılıyor': 'double' iken 'float' olarak kesildi
C:\Users\BARAN\source\repos\C\17_flippybird\17_flippybird.c(735,56): warning C4244: 'başlatılıyor': 'int' - 'float' dönüşümü; veri kaybı olabilir
C:\Users\BARAN\source\repos\C\17_flippybird\17_flippybird.c(735,77): warning C4244: 'başlatılıyor': 'int' - 'float' dönüşümü; veri kaybı olabilir
C:\Users\BARAN\source\repos\C\17_flippybird\17_flippybird.c(804,116): warning C4305: 'başlatılıyor': 'double' iken 'float' olarak kesildi
C:\Users\BARAN\source\repos\C\17_flippybird\17_flippybird.c(811,118): warning C4305: 'başlatılıyor': 'double' iken 'float' olarak kesildi
C:\Users\BARAN\source\repos\C\17_flippybird\17_flippybird.c(818,110): warning C4305: 'başlatılıyor': 'double' iken 'float' olarak kesildi
C:\Users\BARAN\source\repos\C\17_flippybird\17_flippybird.c(825,117): warning C4305: 'başlatılıyor': 'double' iken 'float' olarak kesildi
C:\Users\BARAN\source\repos\C\17_flippybird\17_flippybird.c(845,92): warning C4305: 'başlatılıyor': 'double' iken 'float' olarak kesildi
C:\Users\BARAN\source\repos\C\17_flippybird\17_flippybird.c(848,103): warning C4305: 'başlatılıyor': 'double' iken 'float' olarak kesildi
C:\Users\BARAN\source\repos\C\17_flippybird\17_flippybird.c(856,98): warning C4305: 'başlatılıyor': 'double' iken 'float' olarak kesildi
C:\Users\BARAN\source\repos\C\17_flippybird\17_flippybird.c(860,100): warning C4305: 'başlatılıyor': 'double' iken 'float' olarak kesildi
C:\Users\BARAN\source\repos\C\17_flippybird\17_flippybird.c(868,95): warning C4305: 'başlatılıyor': 'double' iken 'float' olarak kesildi
C:\Users\BARAN\source\repos\C\17_flippybird\17_flippybird.c(872,96): warning C4305: 'başlatılıyor': 'double' iken 'float' olarak kesildi
C:\Users\BARAN\source\repos\C\17_flippybird\17_flippybird.c(880,91): warning C4305: 'başlatılıyor': 'double' iken 'float' olarak kesildi
C:\Users\BARAN\source\repos\C\17_flippybird\17_flippybird.c(884,104): warning C4305: 'başlatılıyor': 'double' iken 'float' olarak kesildi
C:\Users\BARAN\source\repos\C\17_flippybird\17_flippybird.c(892,99): warning C4305: 'başlatılıyor': 'double' iken 'float' olarak kesildi
C:\Users\BARAN\source\repos\C\17_flippybird\17_flippybird.c(836,56): warning C4244: 'başlatılıyor': 'int' - 'float' dönüşümü; veri kaybı olabilir
C:\Users\BARAN\source\repos\C\17_flippybird\17_flippybird.c(836,77): warning C4244: 'başlatılıyor': 'int' - 'float' dönüşümü; veri kaybı olabilir
C:\Users\BARAN\source\repos\C\17_flippybird\17_flippybird.c(929,118): warning C4305: 'başlatılıyor': 'double' iken 'float' olarak kesildi
C:\Users\BARAN\source\repos\C\17_flippybird\17_flippybird.c(936,119): warning C4305: 'başlatılıyor': 'double' iken 'float' olarak kesildi
C:\Users\BARAN\source\repos\C\17_flippybird\17_flippybird.c(943,119): warning C4305: 'başlatılıyor': 'double' iken 'float' olarak kesildi
C:\Users\BARAN\source\repos\C\17_flippybird\17_flippybird.c(964,92): warning C4305: 'başlatılıyor': 'double' iken 'float' olarak kesildi
C:\Users\BARAN\source\repos\C\17_flippybird\17_flippybird.c(969,100): warning C4305: 'başlatılıyor': 'double' iken 'float' olarak kesildi
C:\Users\BARAN\source\repos\C\17_flippybird\17_flippybird.c(977,95): warning C4305: 'başlatılıyor': 'double' iken 'float' olarak kesildi
C:\Users\BARAN\source\repos\C\17_flippybird\17_flippybird.c(981,101): warning C4305: 'başlatılıyor': 'double' iken 'float' olarak kesildi
C:\Users\BARAN\source\repos\C\17_flippybird\17_flippybird.c(989,96): warning C4305: 'başlatılıyor': 'double' iken 'float' olarak kesildi
C:\Users\BARAN\source\repos\C\17_flippybird\17_flippybird.c(992,101): warning C4305: 'başlatılıyor': 'double' iken 'float' olarak kesildi
C:\Users\BARAN\source\repos\C\17_flippybird\17_flippybird.c(1000,96): warning C4305: 'başlatılıyor': 'double' iken 'float' olarak kesildi
C:\Users\BARAN\source\repos\C\17_flippybird\17_flippybird.c(955,56): warning C4244: 'başlatılıyor': 'int' - 'float' dönüşümü; veri kaybı olabilir
C:\Users\BARAN\source\repos\C\17_flippybird\17_flippybird.c(955,77): warning C4244: 'başlatılıyor': 'int' - 'float' dönüşümü; veri kaybı olabilir
C:\Users\BARAN\source\repos\C\17_flippybird\17_flippybird.c(1085,57): warning C4244: 'işlev': 'int' - 'float' dönüşümü; veri kaybı olabilir
C:\Users\BARAN\source\repos\C\17_flippybird\17_flippybird.c(1080,42): warning C4244: 'başlatılıyor': 'int' - 'float' dönüşümü; veri kaybı olabilir
C:\Users\BARAN\source\repos\C\17_flippybird\17_flippybird.c(1080,57): warning C4244: 'başlatılıyor': 'int' - 'float' dönüşümü; veri kaybı olabilir
C:\Users\BARAN\source\repos\C\17_flippybird\17_flippybird.c(1081,69): warning C4244: 'başlatılıyor': 'int' - 'float' dönüşümü; veri kaybı olabilir
C:\Users\BARAN\source\repos\C\17_flippybird\17_flippybird.c(1081,84): warning C4244: 'başlatılıyor': 'int' - 'float' dönüşümü; veri kaybı olabilir
C:\Users\BARAN\source\repos\C\17_flippybird\17_flippybird.c(1082,38): warning C4244: 'başlatılıyor': 'int' - 'float' dönüşümü; veri kaybı olabilir
C:\Users\BARAN\source\repos\C\17_flippybird\17_flippybird.c(1082,58): warning C4244: 'başlatılıyor': 'int' - 'float' dönüşümü; veri kaybı olabilir
C:\Users\BARAN\source\repos\C\17_flippybird\17_flippybird.c(1216,53): warning C4244: 'başlatılıyor': 'int' - 'float' dönüşümü; veri kaybı olabilir
C:\Users\BARAN\source\repos\C\17_flippybird\17_flippybird.c(1221,29): warning C4244: '=': 'int' - 'float' dönüşümü; veri kaybı olabilir
C:\Users\BARAN\source\repos\C\17_flippybird\17_flippybird.c(1222,25): warning C4244: '=': 'int' - 'float' dönüşümü; veri kaybı olabilir
C:\Users\BARAN\source\repos\C\17_flippybird\17_flippybird.c(1258,29): warning C4305: '-=': 'double' iken 'float' olarak kesildi
C:\Users\BARAN\source\repos\C\17_flippybird\17_flippybird.c(1262,74): warning C4244: '=': 'int' - 'float' dönüşümü; veri kaybı olabilir
C:\Users\BARAN\source\repos\C\17_flippybird\17_flippybird.c(1273,78): warning C4244: '-=': 'double' - 'float' dönüşümü; veri kaybı olabilir
C:\Users\BARAN\source\repos\C\17_flippybird\17_flippybird.c(1306,64): warning C4244: 'işlev': 'int' - 'float' dönüşümü; veri kaybı olabilir
C:\Users\BARAN\source\repos\C\17_flippybird\17_flippybird.c(1267,78): warning C4244: 'başlatılıyor': 'int' - 'float' dönüşümü; veri kaybı olabilir
C:\Users\BARAN\source\repos\C\17_flippybird\17_flippybird.c(1267,99): warning C4244: 'başlatılıyor': 'int' - 'float' dönüşümü; veri kaybı olabilir
C:\Users\BARAN\source\repos\C\17_flippybird\17_flippybird.c(1267,119): warning C4244: 'başlatılıyor': 'int' - 'float' dönüşümü; veri kaybı olabilir
C:\Users\BARAN\source\repos\C\17_flippybird\17_flippybird.c(1373,102): warning C4305: 'başlatılıyor': 'double' iken 'float' olarak kesildi
C:\Users\BARAN\source\repos\C\17_flippybird\17_flippybird.c(1374,114): warning C4305: 'başlatılıyor': 'double' iken 'float' olarak kesildi
C:\Users\BARAN\source\repos\C\17_flippybird\17_flippybird.c(1375,65): warning C4244: 'başlatılıyor': 'int' - 'float' dönüşümü; veri kaybı olabilir
  17_flippybird.vcxproj -> C:\Users\BARAN\source\repos\C\17_flippybird\x64\Debug\17_flippybird.exe
  'pwsh.exe' is not recognized as an internal or external command,
  operable program or batch file.
